<?xml version="1.0" encoding="UTF-8"?>
<!-- Generated by org.testng.reporters.JUnitXMLReporter -->
<testsuite ignored="0" hostname="TYSS-Ronald-Fredrick" failures="6" tests="6" name="Test" time="0.102" errors="0" timestamp="2024-09-04T23:32:35 IST">
  <testcase classname="Listeners_Implementation.Verify_LogOut" name="Averifylogout" time="0.0">
    <failure type="org.testng.TestNGException" message="
Parameter &amp;apos;browser&amp;apos; is required by @Test on method Averifylogout but has not been marked @Optional or defined
in C:\Users\Ronald\git\zJenkin\WeekEnd_Session\testng1.xml">
      <![CDATA[org.testng.TestNGException: 
Parameter 'browser' is required by @Test on method Averifylogout but has not been marked @Optional or defined
in C:\Users\Ronald\git\zJenkin\WeekEnd_Session\testng1.xml
at java.base/java.util.ArrayList.forEach(ArrayList.java:1511)
... Removed 26 stack frames]]>
    </failure>
  </testcase> <!-- Averifylogout -->
  <testcase classname="Listeners_Implementation.Verify_LogOut" name="close" time="0.007">
    <failure type="java.lang.NullPointerException" message="Cannot invoke &amp;quot;org.openqa.selenium.WebDriver.quit()&amp;quot; because &amp;quot;this.driver&amp;quot; is null">
      <![CDATA[java.lang.NullPointerException: Cannot invoke "org.openqa.selenium.WebDriver.quit()" because "this.driver" is null
at Listeners_Implementation.Verify_LogOut.close(Verify_LogOut.java:43)
at java.base/java.util.ArrayList.forEach(ArrayList.java:1511)
... Removed 27 stack frames]]>
    </failure>
  </testcase> <!-- close -->
  <testcase classname="Listeners_Implementation.TutorialNinjaDemo_ValidLogin" name="Avalid_Login" time="0.0">
    <failure type="org.testng.TestNGException" message="
Parameter &amp;apos;browser&amp;apos; is required by @Test on method Avalid_Login but has not been marked @Optional or defined
in C:\Users\Ronald\git\zJenkin\WeekEnd_Session\testng1.xml">
      <![CDATA[org.testng.TestNGException: 
Parameter 'browser' is required by @Test on method Avalid_Login but has not been marked @Optional or defined
in C:\Users\Ronald\git\zJenkin\WeekEnd_Session\testng1.xml
at java.base/java.util.ArrayList.forEach(ArrayList.java:1511)
... Removed 26 stack frames]]>
    </failure>
  </testcase> <!-- Avalid_Login -->
  <testcase classname="Listeners_Implementation.TutorialNinjaDemo_ValidLogin" name="close" time="0.002">
    <failure type="java.lang.NullPointerException" message="Cannot invoke &amp;quot;org.openqa.selenium.WebDriver.quit()&amp;quot; because &amp;quot;this.driver&amp;quot; is null">
      <![CDATA[java.lang.NullPointerException: Cannot invoke "org.openqa.selenium.WebDriver.quit()" because "this.driver" is null
at Listeners_Implementation.TutorialNinjaDemo_ValidLogin.close(TutorialNinjaDemo_ValidLogin.java:44)
at java.base/java.util.ArrayList.forEach(ArrayList.java:1511)
... Removed 27 stack frames]]>
    </failure>
  </testcase> <!-- close -->
  <testcase classname="Listeners_Implementation.Ninjatutorials_InvalidLogin" name="AInvalidLogin" time="0.0">
    <failure type="org.testng.TestNGException" message="
Parameter &amp;apos;browser&amp;apos; is required by @Test on method AInvalidLogin but has not been marked @Optional or defined
in C:\Users\Ronald\git\zJenkin\WeekEnd_Session\testng1.xml">
      <![CDATA[org.testng.TestNGException: 
Parameter 'browser' is required by @Test on method AInvalidLogin but has not been marked @Optional or defined
in C:\Users\Ronald\git\zJenkin\WeekEnd_Session\testng1.xml
at java.base/java.util.ArrayList.forEach(ArrayList.java:1511)
... Removed 26 stack frames]]>
    </failure>
  </testcase> <!-- AInvalidLogin -->
  <testcase classname="Listeners_Implementation.Ninjatutorials_InvalidLogin" name="close" time="0.002">
    <failure type="java.lang.NullPointerException" message="Cannot invoke &amp;quot;org.openqa.selenium.WebDriver.quit()&amp;quot; because &amp;quot;this.driver&amp;quot; is null">
      <![CDATA[java.lang.NullPointerException: Cannot invoke "org.openqa.selenium.WebDriver.quit()" because "this.driver" is null
at Listeners_Implementation.Ninjatutorials_InvalidLogin.close(Ninjatutorials_InvalidLogin.java:44)
at java.base/java.util.ArrayList.forEach(ArrayList.java:1511)
... Removed 27 stack frames]]>
    </failure>
  </testcase> <!-- close -->
</testsuite> <!-- Test -->
